--------------- Build Started: 04/04/2017 14:47:04 Project: 2 UART TEST, Configuration: ARM GCC 4.9-2015-q1-update Debug ---------------
cydsfit.exe -.appdatapath "C:\Users\Garuba Abdulmalik\AppData\Local\Cypress Semiconductor\PSoC Creator\4.0" -.fdsnotice -.fdswarpdepfile=warp_dependencies.txt -.fdselabdepfile=elab_dependencies.txt -.fdsbldfile=generated_files.txt -.fdsreffile=referenced_files.txt -p "C:\Users\Garuba Abdulmalik\Documents\PSoC Creator\PSOC GSM SERIAL Com\2 UART TEST.cydsn\2 UART TEST.cyprj" -d CY8C4245AXI-483 -s "C:\Users\Garuba Abdulmalik\Documents\PSoC Creator\PSOC GSM SERIAL Com\2 UART TEST.cydsn\Generated_Source\PSoC4" -- -yv2 -q10 -ygs -o2 -v3 -.fftcfgtype=LE
Elaborating Design...
ADD: pft.M0074: information: A (re)build is required to use the analog device editor. Unable to load the necessary information from the cyfit file. Partial/wrong data will be displayed until this has been resolved.
 * C:\Users\Garuba Abdulmalik\Documents\PSoC Creator\PSOC GSM SERIAL Com\2 UART TEST.cydsn\2 UART TEST.cydwr ()
HDL Generation...
Synthesis...
Tech Mapping...
ADD: pft.M0040: information: The following 2 pin(s) will be assigned a location by the fitter: \UART:rx(0)\, \UART:tx(0)\
Analog Placement...
Analog Routing...
Analog Code Generation...
Digital Placement...
Digital Routing...
Bitstream Generation...
Bitstream Verification...
Static timing analysis...
API Generation...
DEL: pft.M0074: information: A (re)build is required to use the analog device editor. Unable to load the necessary information from the cyfit file. Partial/wrong data will be displayed until this has been resolved.
 * C:\Users\Garuba Abdulmalik\Documents\PSoC Creator\PSOC GSM SERIAL Com\2 UART TEST.cydsn\2 UART TEST.cydwr ()
Dependency Generation...
Cleanup...
--------------- Build Canceled: 04/04/2017 14:47:45 ---------------
