ARM GAS  C:\Users\GARUBA~1\AppData\Local\Temp\ccqpe8Vc.s 			page 1


   1              		.cpu cortex-m0
   2              		.fpu softvfp
   3              		.eabi_attribute 20, 1
   4              		.eabi_attribute 21, 1
   5              		.eabi_attribute 23, 3
   6              		.eabi_attribute 24, 1
   7              		.eabi_attribute 25, 1
   8              		.eabi_attribute 26, 1
   9              		.eabi_attribute 30, 1
  10              		.eabi_attribute 34, 0
  11              		.eabi_attribute 18, 4
  12              		.code	16
  13              		.file	"isr.c"
  14              		.text
  15              	.Ltext0:
  16              		.cfi_sections	.debug_frame
  17              		.section	.text.rx_isr_Handler,"ax",%progbits
  18              		.align	2
  19              		.global	rx_isr_Handler
  20              		.code	16
  21              		.thumb_func
  22              		.type	rx_isr_Handler, %function
  23              	rx_isr_Handler:
  24              	.LFB35:
  25              		.file 1 "isr.c"
   1:isr.c         **** /* ========================================
   2:isr.c         ****  *
   3:isr.c         ****  * Copyright YOUR COMPANY, THE YEAR
   4:isr.c         ****  * All Rights Reserved
   5:isr.c         ****  * UNPUBLISHED, LICENSED SOFTWARE.
   6:isr.c         ****  *
   7:isr.c         ****  * CONFIDENTIAL AND PROPRIETARY INFORMATION
   8:isr.c         ****  * WHICH IS THE PROPERTY OF your company.
   9:isr.c         ****  *
  10:isr.c         ****  * ========================================
  11:isr.c         **** */
  12:isr.c         **** #include "project.h"
  13:isr.c         **** #include "funDeclare.h"
  14:isr.c         **** 
  15:isr.c         **** CY_ISR_PROTO(rx_isr_Handler);
  16:isr.c         **** CY_ISR_PROTO(rx_isr_Handler2);
  17:isr.c         **** extern char RCX_BUFF1[10],RCX_BUFF2[10];
  18:isr.c         **** extern int rxd_cnt;
  19:isr.c         **** extern CYBIT rf, rf2;
  20:isr.c         **** void ISR_int(void)
  21:isr.c         **** {
  22:isr.c         ****     UART_isr_StartEx(rx_isr_Handler);           //Initialize UART ISR and Start.
  23:isr.c         ****     UARTT_isr_StartEx(rx_isr_Handler2);
  24:isr.c         ****     return;
  25:isr.c         **** }
  26:isr.c         **** 
  27:isr.c         **** CY_ISR(rx_isr_Handler)
  28:isr.c         **** {
  26              		.loc 1 28 0
  27              		.cfi_startproc
  28 0000 08B5     		push	{r3, lr}
  29              		.cfi_def_cfa_offset 8
ARM GAS  C:\Users\GARUBA~1\AppData\Local\Temp\ccqpe8Vc.s 			page 2


  30              		.cfi_offset 3, -8
  31              		.cfi_offset 14, -4
  29:isr.c         ****     char value, RXD_VAL = UART_UartGetChar();
  32              		.loc 1 29 0
  33 0002 FFF7FEFF 		bl	UART_UartGetChar
  34              	.LVL0:
  35 0006 C0B2     		uxtb	r0, r0
  36              	.LVL1:
  30:isr.c         ****         RCX_BUFF1[rxd_cnt++] = RXD_VAL;
  37              		.loc 1 30 0
  38 0008 0D4A     		ldr	r2, .L3
  39 000a 1368     		ldr	r3, [r2]
  40 000c 591C     		add	r1, r3, #1
  41 000e 1160     		str	r1, [r2]
  42 0010 0C4A     		ldr	r2, .L3+4
  43 0012 D054     		strb	r0, [r2, r3]
  31:isr.c         ****         value = UART_GetRxInterruptSource();
  44              		.loc 1 31 0
  45 0014 0C4B     		ldr	r3, .L3+8
  46 0016 1A68     		ldr	r2, [r3]
  47              	.LVL2:
  32:isr.c         ****         if(RXD_VAL =='!')
  48              		.loc 1 32 0
  49 0018 2128     		cmp	r0, #33
  50 001a 02D1     		bne	.L2
  33:isr.c         ****             rf=1;
  51              		.loc 1 33 0
  52 001c 0121     		mov	r1, #1
  53 001e 0B4B     		ldr	r3, .L3+12
  54 0020 1970     		strb	r1, [r3]
  55              	.L2:
  34:isr.c         ****     
  35:isr.c         ****     UART_CLEAR_RX_FIFO;    
  56              		.loc 1 35 0
  57 0022 0B4B     		ldr	r3, .L3+16
  58 0024 1968     		ldr	r1, [r3]
  59 0026 8020     		mov	r0, #128
  60              	.LVL3:
  61 0028 4002     		lsl	r0, r0, #9
  62 002a 0143     		orr	r1, r0
  63 002c 1960     		str	r1, [r3]
  64              	.LVL4:
  65 002e 1868     		ldr	r0, [r3]
  66 0030 0849     		ldr	r1, .L3+20
  67 0032 0140     		and	r1, r0
  68 0034 1960     		str	r1, [r3]
  36:isr.c         ****     UART_ClearRxInterruptSource(value); 
  69              		.loc 1 36 0
  70 0036 FF23     		mov	r3, #255
  71 0038 1340     		and	r3, r2
  72 003a 034A     		ldr	r2, .L3+8
  73              	.LVL5:
  74 003c 1360     		str	r3, [r2]
  37:isr.c         **** }
  75              		.loc 1 37 0
  76              		@ sp needed
  77 003e 08BD     		pop	{r3, pc}
ARM GAS  C:\Users\GARUBA~1\AppData\Local\Temp\ccqpe8Vc.s 			page 3


  78              	.L4:
  79              		.align	2
  80              	.L3:
  81 0040 00000000 		.word	rxd_cnt
  82 0044 00000000 		.word	RCX_BUFF1
  83 0048 C00F0740 		.word	1074204608
  84 004c 00000000 		.word	rf
  85 0050 04030740 		.word	1074201348
  86 0054 FFFFFEFF 		.word	-65537
  87              		.cfi_endproc
  88              	.LFE35:
  89              		.size	rx_isr_Handler, .-rx_isr_Handler
  90              		.section	.text.rx_isr_Handler2,"ax",%progbits
  91              		.align	2
  92              		.global	rx_isr_Handler2
  93              		.code	16
  94              		.thumb_func
  95              		.type	rx_isr_Handler2, %function
  96              	rx_isr_Handler2:
  97              	.LFB36:
  38:isr.c         **** 
  39:isr.c         **** CY_ISR(rx_isr_Handler2)
  40:isr.c         **** {
  98              		.loc 1 40 0
  99              		.cfi_startproc
 100 0000 08B5     		push	{r3, lr}
 101              		.cfi_def_cfa_offset 8
 102              		.cfi_offset 3, -8
 103              		.cfi_offset 14, -4
  41:isr.c         ****     char value, RXD_VAL = UARTT_UartGetChar();
 104              		.loc 1 41 0
 105 0002 FFF7FEFF 		bl	UARTT_UartGetChar
 106              	.LVL6:
 107 0006 C0B2     		uxtb	r0, r0
 108              	.LVL7:
  42:isr.c         ****         RCX_BUFF2[rxd_cnt++] = RXD_VAL;
 109              		.loc 1 42 0
 110 0008 0D4A     		ldr	r2, .L7
 111 000a 1368     		ldr	r3, [r2]
 112 000c 591C     		add	r1, r3, #1
 113 000e 1160     		str	r1, [r2]
 114 0010 0C4A     		ldr	r2, .L7+4
 115 0012 D054     		strb	r0, [r2, r3]
  43:isr.c         ****         value = UARTT_GetRxInterruptSource();
 116              		.loc 1 43 0
 117 0014 0C4B     		ldr	r3, .L7+8
 118 0016 1A68     		ldr	r2, [r3]
 119              	.LVL8:
  44:isr.c         ****         if(RXD_VAL =='!')
 120              		.loc 1 44 0
 121 0018 2128     		cmp	r0, #33
 122 001a 02D1     		bne	.L6
  45:isr.c         ****             rf2=1;
 123              		.loc 1 45 0
 124 001c 0121     		mov	r1, #1
 125 001e 0B4B     		ldr	r3, .L7+12
 126 0020 1970     		strb	r1, [r3]
ARM GAS  C:\Users\GARUBA~1\AppData\Local\Temp\ccqpe8Vc.s 			page 4


 127              	.L6:
  46:isr.c         ****     
  47:isr.c         ****     UARTT_CLEAR_RX_FIFO;
 128              		.loc 1 47 0
 129 0022 0B4B     		ldr	r3, .L7+16
 130 0024 1968     		ldr	r1, [r3]
 131 0026 8020     		mov	r0, #128
 132              	.LVL9:
 133 0028 4002     		lsl	r0, r0, #9
 134 002a 0143     		orr	r1, r0
 135 002c 1960     		str	r1, [r3]
 136              	.LVL10:
 137 002e 1868     		ldr	r0, [r3]
 138 0030 0849     		ldr	r1, .L7+20
 139 0032 0140     		and	r1, r0
 140 0034 1960     		str	r1, [r3]
  48:isr.c         ****     UARTT_ClearRxInterruptSource(value); 
 141              		.loc 1 48 0
 142 0036 FF23     		mov	r3, #255
 143 0038 1340     		and	r3, r2
 144 003a 034A     		ldr	r2, .L7+8
 145              	.LVL11:
 146 003c 1360     		str	r3, [r2]
  49:isr.c         **** }
 147              		.loc 1 49 0
 148              		@ sp needed
 149 003e 08BD     		pop	{r3, pc}
 150              	.L8:
 151              		.align	2
 152              	.L7:
 153 0040 00000000 		.word	rxd_cnt
 154 0044 00000000 		.word	RCX_BUFF2
 155 0048 C00F0640 		.word	1074139072
 156 004c 00000000 		.word	rf2
 157 0050 04030640 		.word	1074135812
 158 0054 FFFFFEFF 		.word	-65537
 159              		.cfi_endproc
 160              	.LFE36:
 161              		.size	rx_isr_Handler2, .-rx_isr_Handler2
 162              		.section	.text.ISR_int,"ax",%progbits
 163              		.align	2
 164              		.global	ISR_int
 165              		.code	16
 166              		.thumb_func
 167              		.type	ISR_int, %function
 168              	ISR_int:
 169              	.LFB34:
  21:isr.c         ****     UART_isr_StartEx(rx_isr_Handler);           //Initialize UART ISR and Start.
 170              		.loc 1 21 0
 171              		.cfi_startproc
 172 0000 08B5     		push	{r3, lr}
 173              		.cfi_def_cfa_offset 8
 174              		.cfi_offset 3, -8
 175              		.cfi_offset 14, -4
  22:isr.c         ****     UARTT_isr_StartEx(rx_isr_Handler2);
 176              		.loc 1 22 0
 177 0002 0348     		ldr	r0, .L10
ARM GAS  C:\Users\GARUBA~1\AppData\Local\Temp\ccqpe8Vc.s 			page 5


 178 0004 FFF7FEFF 		bl	UART_isr_StartEx
 179              	.LVL12:
  23:isr.c         ****     return;
 180              		.loc 1 23 0
 181 0008 0248     		ldr	r0, .L10+4
 182 000a FFF7FEFF 		bl	UARTT_isr_StartEx
 183              	.LVL13:
  25:isr.c         **** 
 184              		.loc 1 25 0
 185              		@ sp needed
 186 000e 08BD     		pop	{r3, pc}
 187              	.L11:
 188              		.align	2
 189              	.L10:
 190 0010 00000000 		.word	rx_isr_Handler
 191 0014 00000000 		.word	rx_isr_Handler2
 192              		.cfi_endproc
 193              	.LFE34:
 194              		.size	ISR_int, .-ISR_int
 195              		.text
 196              	.Letext0:
 197              		.file 2 "Generated_Source\\PSoC4/cytypes.h"
 198              		.file 3 "Generated_Source\\PSoC4/UART_SPI_UART.h"
 199              		.file 4 "Generated_Source\\PSoC4/UARTT_SPI_UART.h"
 200              		.file 5 "Generated_Source\\PSoC4/UART_isr.h"
 201              		.file 6 "Generated_Source\\PSoC4/UARTT_isr.h"
 202              		.section	.debug_info,"",%progbits
 203              	.Ldebug_info0:
 204 0000 F6010000 		.4byte	0x1f6
 205 0004 0400     		.2byte	0x4
 206 0006 00000000 		.4byte	.Ldebug_abbrev0
 207 000a 04       		.byte	0x4
 208 000b 01       		.uleb128 0x1
 209 000c 35010000 		.4byte	.LASF27
 210 0010 01       		.byte	0x1
 211 0011 BA000000 		.4byte	.LASF28
 212 0015 E2010000 		.4byte	.LASF29
 213 0019 00000000 		.4byte	.Ldebug_ranges0+0
 214 001d 00000000 		.4byte	0
 215 0021 00000000 		.4byte	.Ldebug_line0
 216 0025 02       		.uleb128 0x2
 217 0026 01       		.byte	0x1
 218 0027 06       		.byte	0x6
 219 0028 D6010000 		.4byte	.LASF0
 220 002c 02       		.uleb128 0x2
 221 002d 01       		.byte	0x1
 222 002e 08       		.byte	0x8
 223 002f 45000000 		.4byte	.LASF1
 224 0033 02       		.uleb128 0x2
 225 0034 02       		.byte	0x2
 226 0035 05       		.byte	0x5
 227 0036 C3010000 		.4byte	.LASF2
 228 003a 02       		.uleb128 0x2
 229 003b 02       		.byte	0x2
 230 003c 07       		.byte	0x7
 231 003d 1D000000 		.4byte	.LASF3
 232 0041 02       		.uleb128 0x2
ARM GAS  C:\Users\GARUBA~1\AppData\Local\Temp\ccqpe8Vc.s 			page 6


 233 0042 04       		.byte	0x4
 234 0043 05       		.byte	0x5
 235 0044 CD010000 		.4byte	.LASF4
 236 0048 02       		.uleb128 0x2
 237 0049 04       		.byte	0x4
 238 004a 07       		.byte	0x7
 239 004b 53000000 		.4byte	.LASF5
 240 004f 02       		.uleb128 0x2
 241 0050 08       		.byte	0x8
 242 0051 05       		.byte	0x5
 243 0052 22010000 		.4byte	.LASF6
 244 0056 02       		.uleb128 0x2
 245 0057 08       		.byte	0x8
 246 0058 07       		.byte	0x7
 247 0059 DC000000 		.4byte	.LASF7
 248 005d 03       		.uleb128 0x3
 249 005e 04       		.byte	0x4
 250 005f 05       		.byte	0x5
 251 0060 696E7400 		.ascii	"int\000"
 252 0064 02       		.uleb128 0x2
 253 0065 04       		.byte	0x4
 254 0066 07       		.byte	0x7
 255 0067 CF000000 		.4byte	.LASF8
 256 006b 04       		.uleb128 0x4
 257 006c 65000000 		.4byte	.LASF9
 258 0070 02       		.byte	0x2
 259 0071 B901     		.2byte	0x1b9
 260 0073 2C000000 		.4byte	0x2c
 261 0077 04       		.uleb128 0x4
 262 0078 C8000000 		.4byte	.LASF10
 263 007c 02       		.byte	0x2
 264 007d BB01     		.2byte	0x1bb
 265 007f 48000000 		.4byte	0x48
 266 0083 02       		.uleb128 0x2
 267 0084 04       		.byte	0x4
 268 0085 04       		.byte	0x4
 269 0086 3F000000 		.4byte	.LASF11
 270 008a 02       		.uleb128 0x2
 271 008b 08       		.byte	0x8
 272 008c 04       		.byte	0x4
 273 008d A1000000 		.4byte	.LASF12
 274 0091 02       		.uleb128 0x2
 275 0092 01       		.byte	0x1
 276 0093 08       		.byte	0x8
 277 0094 30010000 		.4byte	.LASF13
 278 0098 04       		.uleb128 0x4
 279 0099 00000000 		.4byte	.LASF14
 280 009d 02       		.byte	0x2
 281 009e 6502     		.2byte	0x265
 282 00a0 A4000000 		.4byte	0xa4
 283 00a4 05       		.uleb128 0x5
 284 00a5 77000000 		.4byte	0x77
 285 00a9 04       		.uleb128 0x4
 286 00aa F3000000 		.4byte	.LASF15
 287 00ae 02       		.byte	0x2
 288 00af 7502     		.2byte	0x275
 289 00b1 B5000000 		.4byte	0xb5
ARM GAS  C:\Users\GARUBA~1\AppData\Local\Temp\ccqpe8Vc.s 			page 7


 290 00b5 06       		.uleb128 0x6
 291 00b6 04       		.byte	0x4
 292 00b7 BB000000 		.4byte	0xbb
 293 00bb 07       		.uleb128 0x7
 294 00bc 02       		.uleb128 0x2
 295 00bd 04       		.byte	0x4
 296 00be 07       		.byte	0x7
 297 00bf 19010000 		.4byte	.LASF16
 298 00c3 08       		.uleb128 0x8
 299 00c4 30000000 		.4byte	.LASF19
 300 00c8 01       		.byte	0x1
 301 00c9 1B       		.byte	0x1b
 302 00ca 00000000 		.4byte	.LFB35
 303 00ce 58000000 		.4byte	.LFE35-.LFB35
 304 00d2 01       		.uleb128 0x1
 305 00d3 9C       		.byte	0x9c
 306 00d4 00010000 		.4byte	0x100
 307 00d8 09       		.uleb128 0x9
 308 00d9 06000000 		.4byte	.LASF17
 309 00dd 01       		.byte	0x1
 310 00de 1D       		.byte	0x1d
 311 00df 91000000 		.4byte	0x91
 312 00e3 00000000 		.4byte	.LLST0
 313 00e7 09       		.uleb128 0x9
 314 00e8 11010000 		.4byte	.LASF18
 315 00ec 01       		.byte	0x1
 316 00ed 1D       		.byte	0x1d
 317 00ee 91000000 		.4byte	0x91
 318 00f2 13000000 		.4byte	.LLST1
 319 00f6 0A       		.uleb128 0xa
 320 00f7 06000000 		.4byte	.LVL0
 321 00fb C3010000 		.4byte	0x1c3
 322 00ff 00       		.byte	0
 323 0100 08       		.uleb128 0x8
 324 0101 91000000 		.4byte	.LASF20
 325 0105 01       		.byte	0x1
 326 0106 27       		.byte	0x27
 327 0107 00000000 		.4byte	.LFB36
 328 010b 58000000 		.4byte	.LFE36-.LFB36
 329 010f 01       		.uleb128 0x1
 330 0110 9C       		.byte	0x9c
 331 0111 3D010000 		.4byte	0x13d
 332 0115 09       		.uleb128 0x9
 333 0116 06000000 		.4byte	.LASF17
 334 011a 01       		.byte	0x1
 335 011b 29       		.byte	0x29
 336 011c 91000000 		.4byte	0x91
 337 0120 26000000 		.4byte	.LLST2
 338 0124 09       		.uleb128 0x9
 339 0125 11010000 		.4byte	.LASF18
 340 0129 01       		.byte	0x1
 341 012a 29       		.byte	0x29
 342 012b 91000000 		.4byte	0x91
 343 012f 39000000 		.4byte	.LLST3
 344 0133 0A       		.uleb128 0xa
 345 0134 06000000 		.4byte	.LVL6
 346 0138 CF010000 		.4byte	0x1cf
ARM GAS  C:\Users\GARUBA~1\AppData\Local\Temp\ccqpe8Vc.s 			page 8


 347 013c 00       		.byte	0
 348 013d 08       		.uleb128 0x8
 349 013e C0000000 		.4byte	.LASF21
 350 0142 01       		.byte	0x1
 351 0143 14       		.byte	0x14
 352 0144 00000000 		.4byte	.LFB34
 353 0148 18000000 		.4byte	.LFE34-.LFB34
 354 014c 01       		.uleb128 0x1
 355 014d 9C       		.byte	0x9c
 356 014e 7D010000 		.4byte	0x17d
 357 0152 0B       		.uleb128 0xb
 358 0153 08000000 		.4byte	.LVL12
 359 0157 DB010000 		.4byte	0x1db
 360 015b 69010000 		.4byte	0x169
 361 015f 0C       		.uleb128 0xc
 362 0160 01       		.uleb128 0x1
 363 0161 50       		.byte	0x50
 364 0162 05       		.uleb128 0x5
 365 0163 03       		.byte	0x3
 366 0164 00000000 		.4byte	rx_isr_Handler
 367 0168 00       		.byte	0
 368 0169 0D       		.uleb128 0xd
 369 016a 0E000000 		.4byte	.LVL13
 370 016e EC010000 		.4byte	0x1ec
 371 0172 0C       		.uleb128 0xc
 372 0173 01       		.uleb128 0x1
 373 0174 50       		.byte	0x50
 374 0175 05       		.uleb128 0x5
 375 0176 03       		.byte	0x3
 376 0177 00000000 		.4byte	rx_isr_Handler2
 377 017b 00       		.byte	0
 378 017c 00       		.byte	0
 379 017d 0E       		.uleb128 0xe
 380 017e 91000000 		.4byte	0x91
 381 0182 8D010000 		.4byte	0x18d
 382 0186 0F       		.uleb128 0xf
 383 0187 BC000000 		.4byte	0xbc
 384 018b 09       		.byte	0x9
 385 018c 00       		.byte	0
 386 018d 10       		.uleb128 0x10
 387 018e 6B000000 		.4byte	.LASF22
 388 0192 01       		.byte	0x1
 389 0193 11       		.byte	0x11
 390 0194 7D010000 		.4byte	0x17d
 391 0198 10       		.uleb128 0x10
 392 0199 75000000 		.4byte	.LASF23
 393 019d 01       		.byte	0x1
 394 019e 11       		.byte	0x11
 395 019f 7D010000 		.4byte	0x17d
 396 01a3 10       		.uleb128 0x10
 397 01a4 44020000 		.4byte	.LASF24
 398 01a8 01       		.byte	0x1
 399 01a9 12       		.byte	0x12
 400 01aa 5D000000 		.4byte	0x5d
 401 01ae 11       		.uleb128 0x11
 402 01af 726600   		.ascii	"rf\000"
 403 01b2 01       		.byte	0x1
ARM GAS  C:\Users\GARUBA~1\AppData\Local\Temp\ccqpe8Vc.s 			page 9


 404 01b3 13       		.byte	0x13
 405 01b4 6B000000 		.4byte	0x6b
 406 01b8 11       		.uleb128 0x11
 407 01b9 72663200 		.ascii	"rf2\000"
 408 01bd 01       		.byte	0x1
 409 01be 13       		.byte	0x13
 410 01bf 6B000000 		.4byte	0x6b
 411 01c3 12       		.uleb128 0x12
 412 01c4 00010000 		.4byte	.LASF25
 413 01c8 03       		.byte	0x3
 414 01c9 0603     		.2byte	0x306
 415 01cb 77000000 		.4byte	0x77
 416 01cf 12       		.uleb128 0x12
 417 01d0 A8000000 		.4byte	.LASF26
 418 01d4 04       		.byte	0x4
 419 01d5 0603     		.2byte	0x306
 420 01d7 77000000 		.4byte	0x77
 421 01db 13       		.uleb128 0x13
 422 01dc 0C000000 		.4byte	.LASF30
 423 01e0 05       		.byte	0x5
 424 01e1 18       		.byte	0x18
 425 01e2 EC010000 		.4byte	0x1ec
 426 01e6 14       		.uleb128 0x14
 427 01e7 A9000000 		.4byte	0xa9
 428 01eb 00       		.byte	0
 429 01ec 15       		.uleb128 0x15
 430 01ed 7F000000 		.4byte	.LASF31
 431 01f1 06       		.byte	0x6
 432 01f2 18       		.byte	0x18
 433 01f3 14       		.uleb128 0x14
 434 01f4 A9000000 		.4byte	0xa9
 435 01f8 00       		.byte	0
 436 01f9 00       		.byte	0
 437              		.section	.debug_abbrev,"",%progbits
 438              	.Ldebug_abbrev0:
 439 0000 01       		.uleb128 0x1
 440 0001 11       		.uleb128 0x11
 441 0002 01       		.byte	0x1
 442 0003 25       		.uleb128 0x25
 443 0004 0E       		.uleb128 0xe
 444 0005 13       		.uleb128 0x13
 445 0006 0B       		.uleb128 0xb
 446 0007 03       		.uleb128 0x3
 447 0008 0E       		.uleb128 0xe
 448 0009 1B       		.uleb128 0x1b
 449 000a 0E       		.uleb128 0xe
 450 000b 55       		.uleb128 0x55
 451 000c 17       		.uleb128 0x17
 452 000d 11       		.uleb128 0x11
 453 000e 01       		.uleb128 0x1
 454 000f 10       		.uleb128 0x10
 455 0010 17       		.uleb128 0x17
 456 0011 00       		.byte	0
 457 0012 00       		.byte	0
 458 0013 02       		.uleb128 0x2
 459 0014 24       		.uleb128 0x24
 460 0015 00       		.byte	0
ARM GAS  C:\Users\GARUBA~1\AppData\Local\Temp\ccqpe8Vc.s 			page 10


 461 0016 0B       		.uleb128 0xb
 462 0017 0B       		.uleb128 0xb
 463 0018 3E       		.uleb128 0x3e
 464 0019 0B       		.uleb128 0xb
 465 001a 03       		.uleb128 0x3
 466 001b 0E       		.uleb128 0xe
 467 001c 00       		.byte	0
 468 001d 00       		.byte	0
 469 001e 03       		.uleb128 0x3
 470 001f 24       		.uleb128 0x24
 471 0020 00       		.byte	0
 472 0021 0B       		.uleb128 0xb
 473 0022 0B       		.uleb128 0xb
 474 0023 3E       		.uleb128 0x3e
 475 0024 0B       		.uleb128 0xb
 476 0025 03       		.uleb128 0x3
 477 0026 08       		.uleb128 0x8
 478 0027 00       		.byte	0
 479 0028 00       		.byte	0
 480 0029 04       		.uleb128 0x4
 481 002a 16       		.uleb128 0x16
 482 002b 00       		.byte	0
 483 002c 03       		.uleb128 0x3
 484 002d 0E       		.uleb128 0xe
 485 002e 3A       		.uleb128 0x3a
 486 002f 0B       		.uleb128 0xb
 487 0030 3B       		.uleb128 0x3b
 488 0031 05       		.uleb128 0x5
 489 0032 49       		.uleb128 0x49
 490 0033 13       		.uleb128 0x13
 491 0034 00       		.byte	0
 492 0035 00       		.byte	0
 493 0036 05       		.uleb128 0x5
 494 0037 35       		.uleb128 0x35
 495 0038 00       		.byte	0
 496 0039 49       		.uleb128 0x49
 497 003a 13       		.uleb128 0x13
 498 003b 00       		.byte	0
 499 003c 00       		.byte	0
 500 003d 06       		.uleb128 0x6
 501 003e 0F       		.uleb128 0xf
 502 003f 00       		.byte	0
 503 0040 0B       		.uleb128 0xb
 504 0041 0B       		.uleb128 0xb
 505 0042 49       		.uleb128 0x49
 506 0043 13       		.uleb128 0x13
 507 0044 00       		.byte	0
 508 0045 00       		.byte	0
 509 0046 07       		.uleb128 0x7
 510 0047 15       		.uleb128 0x15
 511 0048 00       		.byte	0
 512 0049 27       		.uleb128 0x27
 513 004a 19       		.uleb128 0x19
 514 004b 00       		.byte	0
 515 004c 00       		.byte	0
 516 004d 08       		.uleb128 0x8
 517 004e 2E       		.uleb128 0x2e
ARM GAS  C:\Users\GARUBA~1\AppData\Local\Temp\ccqpe8Vc.s 			page 11


 518 004f 01       		.byte	0x1
 519 0050 3F       		.uleb128 0x3f
 520 0051 19       		.uleb128 0x19
 521 0052 03       		.uleb128 0x3
 522 0053 0E       		.uleb128 0xe
 523 0054 3A       		.uleb128 0x3a
 524 0055 0B       		.uleb128 0xb
 525 0056 3B       		.uleb128 0x3b
 526 0057 0B       		.uleb128 0xb
 527 0058 27       		.uleb128 0x27
 528 0059 19       		.uleb128 0x19
 529 005a 11       		.uleb128 0x11
 530 005b 01       		.uleb128 0x1
 531 005c 12       		.uleb128 0x12
 532 005d 06       		.uleb128 0x6
 533 005e 40       		.uleb128 0x40
 534 005f 18       		.uleb128 0x18
 535 0060 9742     		.uleb128 0x2117
 536 0062 19       		.uleb128 0x19
 537 0063 01       		.uleb128 0x1
 538 0064 13       		.uleb128 0x13
 539 0065 00       		.byte	0
 540 0066 00       		.byte	0
 541 0067 09       		.uleb128 0x9
 542 0068 34       		.uleb128 0x34
 543 0069 00       		.byte	0
 544 006a 03       		.uleb128 0x3
 545 006b 0E       		.uleb128 0xe
 546 006c 3A       		.uleb128 0x3a
 547 006d 0B       		.uleb128 0xb
 548 006e 3B       		.uleb128 0x3b
 549 006f 0B       		.uleb128 0xb
 550 0070 49       		.uleb128 0x49
 551 0071 13       		.uleb128 0x13
 552 0072 02       		.uleb128 0x2
 553 0073 17       		.uleb128 0x17
 554 0074 00       		.byte	0
 555 0075 00       		.byte	0
 556 0076 0A       		.uleb128 0xa
 557 0077 898201   		.uleb128 0x4109
 558 007a 00       		.byte	0
 559 007b 11       		.uleb128 0x11
 560 007c 01       		.uleb128 0x1
 561 007d 31       		.uleb128 0x31
 562 007e 13       		.uleb128 0x13
 563 007f 00       		.byte	0
 564 0080 00       		.byte	0
 565 0081 0B       		.uleb128 0xb
 566 0082 898201   		.uleb128 0x4109
 567 0085 01       		.byte	0x1
 568 0086 11       		.uleb128 0x11
 569 0087 01       		.uleb128 0x1
 570 0088 31       		.uleb128 0x31
 571 0089 13       		.uleb128 0x13
 572 008a 01       		.uleb128 0x1
 573 008b 13       		.uleb128 0x13
 574 008c 00       		.byte	0
ARM GAS  C:\Users\GARUBA~1\AppData\Local\Temp\ccqpe8Vc.s 			page 12


 575 008d 00       		.byte	0
 576 008e 0C       		.uleb128 0xc
 577 008f 8A8201   		.uleb128 0x410a
 578 0092 00       		.byte	0
 579 0093 02       		.uleb128 0x2
 580 0094 18       		.uleb128 0x18
 581 0095 9142     		.uleb128 0x2111
 582 0097 18       		.uleb128 0x18
 583 0098 00       		.byte	0
 584 0099 00       		.byte	0
 585 009a 0D       		.uleb128 0xd
 586 009b 898201   		.uleb128 0x4109
 587 009e 01       		.byte	0x1
 588 009f 11       		.uleb128 0x11
 589 00a0 01       		.uleb128 0x1
 590 00a1 31       		.uleb128 0x31
 591 00a2 13       		.uleb128 0x13
 592 00a3 00       		.byte	0
 593 00a4 00       		.byte	0
 594 00a5 0E       		.uleb128 0xe
 595 00a6 01       		.uleb128 0x1
 596 00a7 01       		.byte	0x1
 597 00a8 49       		.uleb128 0x49
 598 00a9 13       		.uleb128 0x13
 599 00aa 01       		.uleb128 0x1
 600 00ab 13       		.uleb128 0x13
 601 00ac 00       		.byte	0
 602 00ad 00       		.byte	0
 603 00ae 0F       		.uleb128 0xf
 604 00af 21       		.uleb128 0x21
 605 00b0 00       		.byte	0
 606 00b1 49       		.uleb128 0x49
 607 00b2 13       		.uleb128 0x13
 608 00b3 2F       		.uleb128 0x2f
 609 00b4 0B       		.uleb128 0xb
 610 00b5 00       		.byte	0
 611 00b6 00       		.byte	0
 612 00b7 10       		.uleb128 0x10
 613 00b8 34       		.uleb128 0x34
 614 00b9 00       		.byte	0
 615 00ba 03       		.uleb128 0x3
 616 00bb 0E       		.uleb128 0xe
 617 00bc 3A       		.uleb128 0x3a
 618 00bd 0B       		.uleb128 0xb
 619 00be 3B       		.uleb128 0x3b
 620 00bf 0B       		.uleb128 0xb
 621 00c0 49       		.uleb128 0x49
 622 00c1 13       		.uleb128 0x13
 623 00c2 3F       		.uleb128 0x3f
 624 00c3 19       		.uleb128 0x19
 625 00c4 3C       		.uleb128 0x3c
 626 00c5 19       		.uleb128 0x19
 627 00c6 00       		.byte	0
 628 00c7 00       		.byte	0
 629 00c8 11       		.uleb128 0x11
 630 00c9 34       		.uleb128 0x34
 631 00ca 00       		.byte	0
ARM GAS  C:\Users\GARUBA~1\AppData\Local\Temp\ccqpe8Vc.s 			page 13


 632 00cb 03       		.uleb128 0x3
 633 00cc 08       		.uleb128 0x8
 634 00cd 3A       		.uleb128 0x3a
 635 00ce 0B       		.uleb128 0xb
 636 00cf 3B       		.uleb128 0x3b
 637 00d0 0B       		.uleb128 0xb
 638 00d1 49       		.uleb128 0x49
 639 00d2 13       		.uleb128 0x13
 640 00d3 3F       		.uleb128 0x3f
 641 00d4 19       		.uleb128 0x19
 642 00d5 3C       		.uleb128 0x3c
 643 00d6 19       		.uleb128 0x19
 644 00d7 00       		.byte	0
 645 00d8 00       		.byte	0
 646 00d9 12       		.uleb128 0x12
 647 00da 2E       		.uleb128 0x2e
 648 00db 00       		.byte	0
 649 00dc 3F       		.uleb128 0x3f
 650 00dd 19       		.uleb128 0x19
 651 00de 03       		.uleb128 0x3
 652 00df 0E       		.uleb128 0xe
 653 00e0 3A       		.uleb128 0x3a
 654 00e1 0B       		.uleb128 0xb
 655 00e2 3B       		.uleb128 0x3b
 656 00e3 05       		.uleb128 0x5
 657 00e4 27       		.uleb128 0x27
 658 00e5 19       		.uleb128 0x19
 659 00e6 49       		.uleb128 0x49
 660 00e7 13       		.uleb128 0x13
 661 00e8 3C       		.uleb128 0x3c
 662 00e9 19       		.uleb128 0x19
 663 00ea 00       		.byte	0
 664 00eb 00       		.byte	0
 665 00ec 13       		.uleb128 0x13
 666 00ed 2E       		.uleb128 0x2e
 667 00ee 01       		.byte	0x1
 668 00ef 3F       		.uleb128 0x3f
 669 00f0 19       		.uleb128 0x19
 670 00f1 03       		.uleb128 0x3
 671 00f2 0E       		.uleb128 0xe
 672 00f3 3A       		.uleb128 0x3a
 673 00f4 0B       		.uleb128 0xb
 674 00f5 3B       		.uleb128 0x3b
 675 00f6 0B       		.uleb128 0xb
 676 00f7 27       		.uleb128 0x27
 677 00f8 19       		.uleb128 0x19
 678 00f9 3C       		.uleb128 0x3c
 679 00fa 19       		.uleb128 0x19
 680 00fb 01       		.uleb128 0x1
 681 00fc 13       		.uleb128 0x13
 682 00fd 00       		.byte	0
 683 00fe 00       		.byte	0
 684 00ff 14       		.uleb128 0x14
 685 0100 05       		.uleb128 0x5
 686 0101 00       		.byte	0
 687 0102 49       		.uleb128 0x49
 688 0103 13       		.uleb128 0x13
ARM GAS  C:\Users\GARUBA~1\AppData\Local\Temp\ccqpe8Vc.s 			page 14


 689 0104 00       		.byte	0
 690 0105 00       		.byte	0
 691 0106 15       		.uleb128 0x15
 692 0107 2E       		.uleb128 0x2e
 693 0108 01       		.byte	0x1
 694 0109 3F       		.uleb128 0x3f
 695 010a 19       		.uleb128 0x19
 696 010b 03       		.uleb128 0x3
 697 010c 0E       		.uleb128 0xe
 698 010d 3A       		.uleb128 0x3a
 699 010e 0B       		.uleb128 0xb
 700 010f 3B       		.uleb128 0x3b
 701 0110 0B       		.uleb128 0xb
 702 0111 27       		.uleb128 0x27
 703 0112 19       		.uleb128 0x19
 704 0113 3C       		.uleb128 0x3c
 705 0114 19       		.uleb128 0x19
 706 0115 00       		.byte	0
 707 0116 00       		.byte	0
 708 0117 00       		.byte	0
 709              		.section	.debug_loc,"",%progbits
 710              	.Ldebug_loc0:
 711              	.LLST0:
 712 0000 18000000 		.4byte	.LVL2
 713 0004 3C000000 		.4byte	.LVL5
 714 0008 0100     		.2byte	0x1
 715 000a 52       		.byte	0x52
 716 000b 00000000 		.4byte	0
 717 000f 00000000 		.4byte	0
 718              	.LLST1:
 719 0013 08000000 		.4byte	.LVL1
 720 0017 28000000 		.4byte	.LVL3
 721 001b 0100     		.2byte	0x1
 722 001d 50       		.byte	0x50
 723 001e 00000000 		.4byte	0
 724 0022 00000000 		.4byte	0
 725              	.LLST2:
 726 0026 18000000 		.4byte	.LVL8
 727 002a 3C000000 		.4byte	.LVL11
 728 002e 0100     		.2byte	0x1
 729 0030 52       		.byte	0x52
 730 0031 00000000 		.4byte	0
 731 0035 00000000 		.4byte	0
 732              	.LLST3:
 733 0039 08000000 		.4byte	.LVL7
 734 003d 28000000 		.4byte	.LVL9
 735 0041 0100     		.2byte	0x1
 736 0043 50       		.byte	0x50
 737 0044 00000000 		.4byte	0
 738 0048 00000000 		.4byte	0
 739              		.section	.debug_aranges,"",%progbits
 740 0000 2C000000 		.4byte	0x2c
 741 0004 0200     		.2byte	0x2
 742 0006 00000000 		.4byte	.Ldebug_info0
 743 000a 04       		.byte	0x4
 744 000b 00       		.byte	0
 745 000c 0000     		.2byte	0
ARM GAS  C:\Users\GARUBA~1\AppData\Local\Temp\ccqpe8Vc.s 			page 15


 746 000e 0000     		.2byte	0
 747 0010 00000000 		.4byte	.LFB35
 748 0014 58000000 		.4byte	.LFE35-.LFB35
 749 0018 00000000 		.4byte	.LFB36
 750 001c 58000000 		.4byte	.LFE36-.LFB36
 751 0020 00000000 		.4byte	.LFB34
 752 0024 18000000 		.4byte	.LFE34-.LFB34
 753 0028 00000000 		.4byte	0
 754 002c 00000000 		.4byte	0
 755              		.section	.debug_ranges,"",%progbits
 756              	.Ldebug_ranges0:
 757 0000 00000000 		.4byte	.LFB35
 758 0004 58000000 		.4byte	.LFE35
 759 0008 00000000 		.4byte	.LFB36
 760 000c 58000000 		.4byte	.LFE36
 761 0010 00000000 		.4byte	.LFB34
 762 0014 18000000 		.4byte	.LFE34
 763 0018 00000000 		.4byte	0
 764 001c 00000000 		.4byte	0
 765              		.section	.debug_line,"",%progbits
 766              	.Ldebug_line0:
 767 0000 CA000000 		.section	.debug_str,"MS",%progbits,1
 767      02008400 
 767      00000201 
 767      FB0E0D00 
 767      01010101 
 768              	.LASF14:
 769 0000 72656733 		.ascii	"reg32\000"
 769      3200
 770              	.LASF17:
 771 0006 76616C75 		.ascii	"value\000"
 771      6500
 772              	.LASF30:
 773 000c 55415254 		.ascii	"UART_isr_StartEx\000"
 773      5F697372 
 773      5F537461 
 773      72744578 
 773      00
 774              	.LASF3:
 775 001d 73686F72 		.ascii	"short unsigned int\000"
 775      7420756E 
 775      7369676E 
 775      65642069 
 775      6E7400
 776              	.LASF19:
 777 0030 72785F69 		.ascii	"rx_isr_Handler\000"
 777      73725F48 
 777      616E646C 
 777      657200
 778              	.LASF11:
 779 003f 666C6F61 		.ascii	"float\000"
 779      7400
 780              	.LASF1:
 781 0045 756E7369 		.ascii	"unsigned char\000"
 781      676E6564 
 781      20636861 
 781      7200
ARM GAS  C:\Users\GARUBA~1\AppData\Local\Temp\ccqpe8Vc.s 			page 16


 782              	.LASF5:
 783 0053 6C6F6E67 		.ascii	"long unsigned int\000"
 783      20756E73 
 783      69676E65 
 783      6420696E 
 783      7400
 784              	.LASF9:
 785 0065 75696E74 		.ascii	"uint8\000"
 785      3800
 786              	.LASF22:
 787 006b 5243585F 		.ascii	"RCX_BUFF1\000"
 787      42554646 
 787      3100
 788              	.LASF23:
 789 0075 5243585F 		.ascii	"RCX_BUFF2\000"
 789      42554646 
 789      3200
 790              	.LASF31:
 791 007f 55415254 		.ascii	"UARTT_isr_StartEx\000"
 791      545F6973 
 791      725F5374 
 791      61727445 
 791      7800
 792              	.LASF20:
 793 0091 72785F69 		.ascii	"rx_isr_Handler2\000"
 793      73725F48 
 793      616E646C 
 793      65723200 
 794              	.LASF12:
 795 00a1 646F7562 		.ascii	"double\000"
 795      6C6500
 796              	.LASF26:
 797 00a8 55415254 		.ascii	"UARTT_UartGetChar\000"
 797      545F5561 
 797      72744765 
 797      74436861 
 797      7200
 798              	.LASF28:
 799 00ba 6973722E 		.ascii	"isr.c\000"
 799      6300
 800              	.LASF21:
 801 00c0 4953525F 		.ascii	"ISR_int\000"
 801      696E7400 
 802              	.LASF10:
 803 00c8 75696E74 		.ascii	"uint32\000"
 803      333200
 804              	.LASF8:
 805 00cf 756E7369 		.ascii	"unsigned int\000"
 805      676E6564 
 805      20696E74 
 805      00
 806              	.LASF7:
 807 00dc 6C6F6E67 		.ascii	"long long unsigned int\000"
 807      206C6F6E 
 807      6720756E 
 807      7369676E 
 807      65642069 
ARM GAS  C:\Users\GARUBA~1\AppData\Local\Temp\ccqpe8Vc.s 			page 17


 808              	.LASF15:
 809 00f3 63796973 		.ascii	"cyisraddress\000"
 809      72616464 
 809      72657373 
 809      00
 810              	.LASF25:
 811 0100 55415254 		.ascii	"UART_UartGetChar\000"
 811      5F556172 
 811      74476574 
 811      43686172 
 811      00
 812              	.LASF18:
 813 0111 5258445F 		.ascii	"RXD_VAL\000"
 813      56414C00 
 814              	.LASF16:
 815 0119 73697A65 		.ascii	"sizetype\000"
 815      74797065 
 815      00
 816              	.LASF6:
 817 0122 6C6F6E67 		.ascii	"long long int\000"
 817      206C6F6E 
 817      6720696E 
 817      7400
 818              	.LASF13:
 819 0130 63686172 		.ascii	"char\000"
 819      00
 820              	.LASF27:
 821 0135 474E5520 		.ascii	"GNU C 4.9.3 20150303 (release) [ARM/embedded-4_9-br"
 821      4320342E 
 821      392E3320 
 821      32303135 
 821      30333033 
 822 0168 616E6368 		.ascii	"anch revision 221220] -mcpu=cortex-m0 -mthumb -g -O"
 822      20726576 
 822      6973696F 
 822      6E203232 
 822      31323230 
 823 019b 67202D66 		.ascii	"g -ffunction-sections -ffat-lto-objects\000"
 823      66756E63 
 823      74696F6E 
 823      2D736563 
 823      74696F6E 
 824              	.LASF2:
 825 01c3 73686F72 		.ascii	"short int\000"
 825      7420696E 
 825      7400
 826              	.LASF4:
 827 01cd 6C6F6E67 		.ascii	"long int\000"
 827      20696E74 
 827      00
 828              	.LASF0:
 829 01d6 7369676E 		.ascii	"signed char\000"
 829      65642063 
 829      68617200 
 830              	.LASF29:
 831 01e2 433A5C55 		.ascii	"C:\\Users\\Garuba Abdulmalik\\Documents\\PSoC Creat"
 831      73657273 
ARM GAS  C:\Users\GARUBA~1\AppData\Local\Temp\ccqpe8Vc.s 			page 18


 831      5C476172 
 831      75626120 
 831      41626475 
 832 0211 6F725C50 		.ascii	"or\\PSOC GSM SERIAL Com\\2 UART TEST.cydsn\\EMA.cyd"
 832      534F4320 
 832      47534D20 
 832      53455249 
 832      414C2043 
 833 0241 736E00   		.ascii	"sn\000"
 834              	.LASF24:
 835 0244 7278645F 		.ascii	"rxd_cnt\000"
 835      636E7400 
 836              		.ident	"GCC: (GNU Tools for ARM Embedded Processors) 4.9.3 20150303 (release) [ARM/embedded-4_9-br
