ARM GAS  C:\Users\GARUBA~1\AppData\Local\Temp\ccY8EpBf.s 			page 1


   1              		.cpu cortex-m0
   2              		.fpu softvfp
   3              		.eabi_attribute 20, 1
   4              		.eabi_attribute 21, 1
   5              		.eabi_attribute 23, 3
   6              		.eabi_attribute 24, 1
   7              		.eabi_attribute 25, 1
   8              		.eabi_attribute 26, 1
   9              		.eabi_attribute 30, 1
  10              		.eabi_attribute 34, 0
  11              		.eabi_attribute 18, 4
  12              		.code	16
  13              		.file	"main.c"
  14              		.text
  15              	.Ltext0:
  16              		.cfi_sections	.debug_frame
  17              		.section	.text.main,"ax",%progbits
  18              		.align	2
  19              		.global	main
  20              		.code	16
  21              		.thumb_func
  22              		.type	main, %function
  23              	main:
  24              	.LFB34:
  25              		.file 1 "main.c"
   1:main.c        **** /* ========================================
   2:main.c        ****  *
   3:main.c        ****  * Copyright YOUR COMPANY, THE YEAR
   4:main.c        ****  * All Rights Reserved
   5:main.c        ****  * UNPUBLISHED, LICENSED SOFTWARE.
   6:main.c        ****  *
   7:main.c        ****  * CONFIDENTIAL AND PROPRIETARY INFORMATION
   8:main.c        ****  * WHICH IS THE PROPERTY OF your company.
   9:main.c        ****  *
  10:main.c        ****  * ========================================
  11:main.c        **** */
  12:main.c        **** #include "project.h"
  13:main.c        **** #include "funDeclare.h"
  14:main.c        **** 
  15:main.c        **** 
  16:main.c        **** char RCX_BUFF1[10];
  17:main.c        **** char RCX_BUFF2[10];
  18:main.c        **** int rxd_cnt;
  19:main.c        **** CYBIT rf=0, rf2 =0;
  20:main.c        **** int main(void)
  21:main.c        **** {
  26              		.loc 1 21 0
  27              		.cfi_startproc
  28 0000 08B5     		push	{r3, lr}
  29              		.cfi_def_cfa_offset 8
  30              		.cfi_offset 3, -8
  31              		.cfi_offset 14, -4
  22:main.c        ****     ISR_int();
  32              		.loc 1 22 0
  33 0002 FFF7FEFF 		bl	ISR_int
  34              	.LVL0:
  23:main.c        ****     CyGlobalIntEnable; /* Enable global interrupts. */
ARM GAS  C:\Users\GARUBA~1\AppData\Local\Temp\ccY8EpBf.s 			page 2


  35              		.loc 1 23 0
  36              	@ 23 "main.c" 1
  37 0006 62B6     		CPSIE   i
  38              	@ 0 "" 2
  24:main.c        ****     rxd_cnt=0;
  39              		.loc 1 24 0
  40              		.code	16
  41 0008 0022     		mov	r2, #0
  42 000a 0F4B     		ldr	r3, .L5
  43 000c 1A60     		str	r2, [r3]
  25:main.c        ****     UART_Start();
  44              		.loc 1 25 0
  45 000e FFF7FEFF 		bl	UART_Start
  46              	.LVL1:
  26:main.c        ****     UARTT_Start();
  47              		.loc 1 26 0
  48 0012 FFF7FEFF 		bl	UARTT_Start
  49              	.LVL2:
  50              	.L3:
  27:main.c        ****     
  28:main.c        ****    
  29:main.c        ****     /* Place your initialization/startup code here (e.g. MyInst_Start()) */
  30:main.c        **** 
  31:main.c        ****     for(;;)
  32:main.c        ****     {
  33:main.c        ****         if(rf)
  51              		.loc 1 33 0
  52 0016 0D4B     		ldr	r3, .L5+4
  53 0018 1B78     		ldrb	r3, [r3]
  54 001a 002B     		cmp	r3, #0
  55 001c 07D0     		beq	.L2
  34:main.c        ****         {
  35:main.c        ****         UARTT_UartPutString(RCX_BUFF1);
  56              		.loc 1 35 0
  57 001e 0C48     		ldr	r0, .L5+8
  58 0020 FFF7FEFF 		bl	UARTT_UartPutString
  59              	.LVL3:
  36:main.c        ****         rxd_cnt=rf=0;
  60              		.loc 1 36 0
  61 0024 0023     		mov	r3, #0
  62 0026 094A     		ldr	r2, .L5+4
  63 0028 1370     		strb	r3, [r2]
  64 002a 074A     		ldr	r2, .L5
  65 002c 1360     		str	r3, [r2]
  66              	.L2:
  37:main.c        ****         }
  38:main.c        ****         if(rf2)
  67              		.loc 1 38 0
  68 002e 074B     		ldr	r3, .L5+4
  69 0030 5B78     		ldrb	r3, [r3, #1]
  70 0032 002B     		cmp	r3, #0
  71 0034 EFD0     		beq	.L3
  39:main.c        ****         {
  40:main.c        ****         UART_UartPutString(RCX_BUFF2);
  72              		.loc 1 40 0
  73 0036 0748     		ldr	r0, .L5+12
  74 0038 FFF7FEFF 		bl	UART_UartPutString
ARM GAS  C:\Users\GARUBA~1\AppData\Local\Temp\ccY8EpBf.s 			page 3


  75              	.LVL4:
  41:main.c        ****         rxd_cnt=rf2=0;
  76              		.loc 1 41 0
  77 003c 0023     		mov	r3, #0
  78 003e 034A     		ldr	r2, .L5+4
  79 0040 5370     		strb	r3, [r2, #1]
  80 0042 014A     		ldr	r2, .L5
  81 0044 1360     		str	r3, [r2]
  82 0046 E6E7     		b	.L3
  83              	.L6:
  84              		.align	2
  85              	.L5:
  86 0048 00000000 		.word	rxd_cnt
  87 004c 00000000 		.word	.LANCHOR0
  88 0050 00000000 		.word	RCX_BUFF1
  89 0054 00000000 		.word	RCX_BUFF2
  90              		.cfi_endproc
  91              	.LFE34:
  92              		.size	main, .-main
  93              		.global	rf2
  94              		.global	rf
  95              		.comm	rxd_cnt,4,4
  96              		.comm	RCX_BUFF2,10,4
  97              		.comm	RCX_BUFF1,10,4
  98              		.bss
  99              		.set	.LANCHOR0,. + 0
 100              		.type	rf, %object
 101              		.size	rf, 1
 102              	rf:
 103 0000 00       		.space	1
 104              		.type	rf2, %object
 105              		.size	rf2, 1
 106              	rf2:
 107 0001 00       		.space	1
 108              		.text
 109              	.Letext0:
 110              		.file 2 "Generated_Source\\PSoC4/cytypes.h"
 111              		.file 3 "funDeclare.h"
 112              		.file 4 "Generated_Source\\PSoC4/UART.h"
 113              		.file 5 "Generated_Source\\PSoC4/UARTT.h"
 114              		.file 6 "Generated_Source\\PSoC4/UARTT_SPI_UART.h"
 115              		.file 7 "Generated_Source\\PSoC4/UART_SPI_UART.h"
 116              		.section	.debug_info,"",%progbits
 117              	.Ldebug_info0:
 118 0000 9F010000 		.4byte	0x19f
 119 0004 0400     		.2byte	0x4
 120 0006 00000000 		.4byte	.Ldebug_abbrev0
 121 000a 04       		.byte	0x4
 122 000b 01       		.uleb128 0x1
 123 000c 41010000 		.4byte	.LASF21
 124 0010 01       		.byte	0x1
 125 0011 29000000 		.4byte	.LASF22
 126 0015 97000000 		.4byte	.LASF23
 127 0019 00000000 		.4byte	.Ldebug_ranges0+0
 128 001d 00000000 		.4byte	0
 129 0021 00000000 		.4byte	.Ldebug_line0
 130 0025 02       		.uleb128 0x2
ARM GAS  C:\Users\GARUBA~1\AppData\Local\Temp\ccY8EpBf.s 			page 4


 131 0026 01       		.byte	0x1
 132 0027 06       		.byte	0x6
 133 0028 35010000 		.4byte	.LASF0
 134 002c 02       		.uleb128 0x2
 135 002d 01       		.byte	0x1
 136 002e 08       		.byte	0x8
 137 002f 1B000000 		.4byte	.LASF1
 138 0033 02       		.uleb128 0x2
 139 0034 02       		.byte	0x2
 140 0035 05       		.byte	0x5
 141 0036 CF010000 		.4byte	.LASF2
 142 003a 02       		.uleb128 0x2
 143 003b 02       		.byte	0x2
 144 003c 07       		.byte	0x7
 145 003d 22010000 		.4byte	.LASF3
 146 0041 02       		.uleb128 0x2
 147 0042 04       		.byte	0x4
 148 0043 05       		.byte	0x5
 149 0044 FE000000 		.4byte	.LASF4
 150 0048 02       		.uleb128 0x2
 151 0049 04       		.byte	0x4
 152 004a 07       		.byte	0x7
 153 004b 55000000 		.4byte	.LASF5
 154 004f 02       		.uleb128 0x2
 155 0050 08       		.byte	0x8
 156 0051 05       		.byte	0x5
 157 0052 00000000 		.4byte	.LASF6
 158 0056 02       		.uleb128 0x2
 159 0057 08       		.byte	0x8
 160 0058 07       		.byte	0x7
 161 0059 67000000 		.4byte	.LASF7
 162 005d 03       		.uleb128 0x3
 163 005e 04       		.byte	0x4
 164 005f 05       		.byte	0x5
 165 0060 696E7400 		.ascii	"int\000"
 166 0064 02       		.uleb128 0x2
 167 0065 04       		.byte	0x4
 168 0066 07       		.byte	0x7
 169 0067 0E000000 		.4byte	.LASF8
 170 006b 04       		.uleb128 0x4
 171 006c 4F000000 		.4byte	.LASF11
 172 0070 02       		.byte	0x2
 173 0071 B901     		.2byte	0x1b9
 174 0073 2C000000 		.4byte	0x2c
 175 0077 02       		.uleb128 0x2
 176 0078 04       		.byte	0x4
 177 0079 04       		.byte	0x4
 178 007a 7E000000 		.4byte	.LASF9
 179 007e 02       		.uleb128 0x2
 180 007f 08       		.byte	0x8
 181 0080 04       		.byte	0x4
 182 0081 13010000 		.4byte	.LASF10
 183 0085 04       		.uleb128 0x4
 184 0086 3F000000 		.4byte	.LASF12
 185 008a 02       		.byte	0x2
 186 008b CA01     		.2byte	0x1ca
 187 008d 91000000 		.4byte	0x91
ARM GAS  C:\Users\GARUBA~1\AppData\Local\Temp\ccY8EpBf.s 			page 5


 188 0091 02       		.uleb128 0x2
 189 0092 01       		.byte	0x1
 190 0093 08       		.byte	0x8
 191 0094 F9000000 		.4byte	.LASF13
 192 0098 02       		.uleb128 0x2
 193 0099 04       		.byte	0x4
 194 009a 07       		.byte	0x7
 195 009b EC010000 		.4byte	.LASF14
 196 009f 05       		.uleb128 0x5
 197 00a0 30000000 		.4byte	.LASF24
 198 00a4 01       		.byte	0x1
 199 00a5 14       		.byte	0x14
 200 00a6 5D000000 		.4byte	0x5d
 201 00aa 00000000 		.4byte	.LFB34
 202 00ae 58000000 		.4byte	.LFE34-.LFB34
 203 00b2 01       		.uleb128 0x1
 204 00b3 9C       		.byte	0x9c
 205 00b4 FE000000 		.4byte	0xfe
 206 00b8 06       		.uleb128 0x6
 207 00b9 06000000 		.4byte	.LVL0
 208 00bd 62010000 		.4byte	0x162
 209 00c1 06       		.uleb128 0x6
 210 00c2 12000000 		.4byte	.LVL1
 211 00c6 69010000 		.4byte	0x169
 212 00ca 06       		.uleb128 0x6
 213 00cb 16000000 		.4byte	.LVL2
 214 00cf 70010000 		.4byte	0x170
 215 00d3 07       		.uleb128 0x7
 216 00d4 24000000 		.4byte	.LVL3
 217 00d8 77010000 		.4byte	0x177
 218 00dc EA000000 		.4byte	0xea
 219 00e0 08       		.uleb128 0x8
 220 00e1 01       		.uleb128 0x1
 221 00e2 50       		.byte	0x50
 222 00e3 05       		.uleb128 0x5
 223 00e4 03       		.byte	0x3
 224 00e5 00000000 		.4byte	RCX_BUFF1
 225 00e9 00       		.byte	0
 226 00ea 09       		.uleb128 0x9
 227 00eb 3C000000 		.4byte	.LVL4
 228 00ef 94010000 		.4byte	0x194
 229 00f3 08       		.uleb128 0x8
 230 00f4 01       		.uleb128 0x1
 231 00f5 50       		.byte	0x50
 232 00f6 05       		.uleb128 0x5
 233 00f7 03       		.byte	0x3
 234 00f8 00000000 		.4byte	RCX_BUFF2
 235 00fc 00       		.byte	0
 236 00fd 00       		.byte	0
 237 00fe 0A       		.uleb128 0xa
 238 00ff 91000000 		.4byte	0x91
 239 0103 0E010000 		.4byte	0x10e
 240 0107 0B       		.uleb128 0xb
 241 0108 98000000 		.4byte	0x98
 242 010c 09       		.byte	0x9
 243 010d 00       		.byte	0
 244 010e 0C       		.uleb128 0xc
ARM GAS  C:\Users\GARUBA~1\AppData\Local\Temp\ccY8EpBf.s 			page 6


 245 010f 35000000 		.4byte	.LASF15
 246 0113 01       		.byte	0x1
 247 0114 10       		.byte	0x10
 248 0115 FE000000 		.4byte	0xfe
 249 0119 05       		.uleb128 0x5
 250 011a 03       		.byte	0x3
 251 011b 00000000 		.4byte	RCX_BUFF1
 252 011f 0C       		.uleb128 0xc
 253 0120 45000000 		.4byte	.LASF16
 254 0124 01       		.byte	0x1
 255 0125 11       		.byte	0x11
 256 0126 FE000000 		.4byte	0xfe
 257 012a 05       		.uleb128 0x5
 258 012b 03       		.byte	0x3
 259 012c 00000000 		.4byte	RCX_BUFF2
 260 0130 0C       		.uleb128 0xc
 261 0131 1A010000 		.4byte	.LASF17
 262 0135 01       		.byte	0x1
 263 0136 12       		.byte	0x12
 264 0137 5D000000 		.4byte	0x5d
 265 013b 05       		.uleb128 0x5
 266 013c 03       		.byte	0x3
 267 013d 00000000 		.4byte	rxd_cnt
 268 0141 0D       		.uleb128 0xd
 269 0142 726600   		.ascii	"rf\000"
 270 0145 01       		.byte	0x1
 271 0146 13       		.byte	0x13
 272 0147 6B000000 		.4byte	0x6b
 273 014b 05       		.uleb128 0x5
 274 014c 03       		.byte	0x3
 275 014d 00000000 		.4byte	rf
 276 0151 0D       		.uleb128 0xd
 277 0152 72663200 		.ascii	"rf2\000"
 278 0156 01       		.byte	0x1
 279 0157 13       		.byte	0x13
 280 0158 6B000000 		.4byte	0x6b
 281 015c 05       		.uleb128 0x5
 282 015d 03       		.byte	0x3
 283 015e 00000000 		.4byte	rf2
 284 0162 0E       		.uleb128 0xe
 285 0163 84000000 		.4byte	.LASF18
 286 0167 03       		.byte	0x3
 287 0168 10       		.byte	0x10
 288 0169 0E       		.uleb128 0xe
 289 016a 8C000000 		.4byte	.LASF19
 290 016e 04       		.byte	0x4
 291 016f 6E       		.byte	0x6e
 292 0170 0E       		.uleb128 0xe
 293 0171 07010000 		.4byte	.LASF20
 294 0175 05       		.byte	0x5
 295 0176 6E       		.byte	0x6e
 296 0177 0F       		.uleb128 0xf
 297 0178 F5010000 		.4byte	.LASF25
 298 017c 06       		.byte	0x6
 299 017d 2103     		.2byte	0x321
 300 017f 89010000 		.4byte	0x189
 301 0183 10       		.uleb128 0x10
ARM GAS  C:\Users\GARUBA~1\AppData\Local\Temp\ccY8EpBf.s 			page 7


 302 0184 89010000 		.4byte	0x189
 303 0188 00       		.byte	0
 304 0189 11       		.uleb128 0x11
 305 018a 04       		.byte	0x4
 306 018b 8F010000 		.4byte	0x18f
 307 018f 12       		.uleb128 0x12
 308 0190 85000000 		.4byte	0x85
 309 0194 13       		.uleb128 0x13
 310 0195 D9010000 		.4byte	.LASF26
 311 0199 07       		.byte	0x7
 312 019a 2103     		.2byte	0x321
 313 019c 10       		.uleb128 0x10
 314 019d 89010000 		.4byte	0x189
 315 01a1 00       		.byte	0
 316 01a2 00       		.byte	0
 317              		.section	.debug_abbrev,"",%progbits
 318              	.Ldebug_abbrev0:
 319 0000 01       		.uleb128 0x1
 320 0001 11       		.uleb128 0x11
 321 0002 01       		.byte	0x1
 322 0003 25       		.uleb128 0x25
 323 0004 0E       		.uleb128 0xe
 324 0005 13       		.uleb128 0x13
 325 0006 0B       		.uleb128 0xb
 326 0007 03       		.uleb128 0x3
 327 0008 0E       		.uleb128 0xe
 328 0009 1B       		.uleb128 0x1b
 329 000a 0E       		.uleb128 0xe
 330 000b 55       		.uleb128 0x55
 331 000c 17       		.uleb128 0x17
 332 000d 11       		.uleb128 0x11
 333 000e 01       		.uleb128 0x1
 334 000f 10       		.uleb128 0x10
 335 0010 17       		.uleb128 0x17
 336 0011 00       		.byte	0
 337 0012 00       		.byte	0
 338 0013 02       		.uleb128 0x2
 339 0014 24       		.uleb128 0x24
 340 0015 00       		.byte	0
 341 0016 0B       		.uleb128 0xb
 342 0017 0B       		.uleb128 0xb
 343 0018 3E       		.uleb128 0x3e
 344 0019 0B       		.uleb128 0xb
 345 001a 03       		.uleb128 0x3
 346 001b 0E       		.uleb128 0xe
 347 001c 00       		.byte	0
 348 001d 00       		.byte	0
 349 001e 03       		.uleb128 0x3
 350 001f 24       		.uleb128 0x24
 351 0020 00       		.byte	0
 352 0021 0B       		.uleb128 0xb
 353 0022 0B       		.uleb128 0xb
 354 0023 3E       		.uleb128 0x3e
 355 0024 0B       		.uleb128 0xb
 356 0025 03       		.uleb128 0x3
 357 0026 08       		.uleb128 0x8
 358 0027 00       		.byte	0
ARM GAS  C:\Users\GARUBA~1\AppData\Local\Temp\ccY8EpBf.s 			page 8


 359 0028 00       		.byte	0
 360 0029 04       		.uleb128 0x4
 361 002a 16       		.uleb128 0x16
 362 002b 00       		.byte	0
 363 002c 03       		.uleb128 0x3
 364 002d 0E       		.uleb128 0xe
 365 002e 3A       		.uleb128 0x3a
 366 002f 0B       		.uleb128 0xb
 367 0030 3B       		.uleb128 0x3b
 368 0031 05       		.uleb128 0x5
 369 0032 49       		.uleb128 0x49
 370 0033 13       		.uleb128 0x13
 371 0034 00       		.byte	0
 372 0035 00       		.byte	0
 373 0036 05       		.uleb128 0x5
 374 0037 2E       		.uleb128 0x2e
 375 0038 01       		.byte	0x1
 376 0039 3F       		.uleb128 0x3f
 377 003a 19       		.uleb128 0x19
 378 003b 03       		.uleb128 0x3
 379 003c 0E       		.uleb128 0xe
 380 003d 3A       		.uleb128 0x3a
 381 003e 0B       		.uleb128 0xb
 382 003f 3B       		.uleb128 0x3b
 383 0040 0B       		.uleb128 0xb
 384 0041 27       		.uleb128 0x27
 385 0042 19       		.uleb128 0x19
 386 0043 49       		.uleb128 0x49
 387 0044 13       		.uleb128 0x13
 388 0045 11       		.uleb128 0x11
 389 0046 01       		.uleb128 0x1
 390 0047 12       		.uleb128 0x12
 391 0048 06       		.uleb128 0x6
 392 0049 40       		.uleb128 0x40
 393 004a 18       		.uleb128 0x18
 394 004b 9742     		.uleb128 0x2117
 395 004d 19       		.uleb128 0x19
 396 004e 01       		.uleb128 0x1
 397 004f 13       		.uleb128 0x13
 398 0050 00       		.byte	0
 399 0051 00       		.byte	0
 400 0052 06       		.uleb128 0x6
 401 0053 898201   		.uleb128 0x4109
 402 0056 00       		.byte	0
 403 0057 11       		.uleb128 0x11
 404 0058 01       		.uleb128 0x1
 405 0059 31       		.uleb128 0x31
 406 005a 13       		.uleb128 0x13
 407 005b 00       		.byte	0
 408 005c 00       		.byte	0
 409 005d 07       		.uleb128 0x7
 410 005e 898201   		.uleb128 0x4109
 411 0061 01       		.byte	0x1
 412 0062 11       		.uleb128 0x11
 413 0063 01       		.uleb128 0x1
 414 0064 31       		.uleb128 0x31
 415 0065 13       		.uleb128 0x13
ARM GAS  C:\Users\GARUBA~1\AppData\Local\Temp\ccY8EpBf.s 			page 9


 416 0066 01       		.uleb128 0x1
 417 0067 13       		.uleb128 0x13
 418 0068 00       		.byte	0
 419 0069 00       		.byte	0
 420 006a 08       		.uleb128 0x8
 421 006b 8A8201   		.uleb128 0x410a
 422 006e 00       		.byte	0
 423 006f 02       		.uleb128 0x2
 424 0070 18       		.uleb128 0x18
 425 0071 9142     		.uleb128 0x2111
 426 0073 18       		.uleb128 0x18
 427 0074 00       		.byte	0
 428 0075 00       		.byte	0
 429 0076 09       		.uleb128 0x9
 430 0077 898201   		.uleb128 0x4109
 431 007a 01       		.byte	0x1
 432 007b 11       		.uleb128 0x11
 433 007c 01       		.uleb128 0x1
 434 007d 31       		.uleb128 0x31
 435 007e 13       		.uleb128 0x13
 436 007f 00       		.byte	0
 437 0080 00       		.byte	0
 438 0081 0A       		.uleb128 0xa
 439 0082 01       		.uleb128 0x1
 440 0083 01       		.byte	0x1
 441 0084 49       		.uleb128 0x49
 442 0085 13       		.uleb128 0x13
 443 0086 01       		.uleb128 0x1
 444 0087 13       		.uleb128 0x13
 445 0088 00       		.byte	0
 446 0089 00       		.byte	0
 447 008a 0B       		.uleb128 0xb
 448 008b 21       		.uleb128 0x21
 449 008c 00       		.byte	0
 450 008d 49       		.uleb128 0x49
 451 008e 13       		.uleb128 0x13
 452 008f 2F       		.uleb128 0x2f
 453 0090 0B       		.uleb128 0xb
 454 0091 00       		.byte	0
 455 0092 00       		.byte	0
 456 0093 0C       		.uleb128 0xc
 457 0094 34       		.uleb128 0x34
 458 0095 00       		.byte	0
 459 0096 03       		.uleb128 0x3
 460 0097 0E       		.uleb128 0xe
 461 0098 3A       		.uleb128 0x3a
 462 0099 0B       		.uleb128 0xb
 463 009a 3B       		.uleb128 0x3b
 464 009b 0B       		.uleb128 0xb
 465 009c 49       		.uleb128 0x49
 466 009d 13       		.uleb128 0x13
 467 009e 3F       		.uleb128 0x3f
 468 009f 19       		.uleb128 0x19
 469 00a0 02       		.uleb128 0x2
 470 00a1 18       		.uleb128 0x18
 471 00a2 00       		.byte	0
 472 00a3 00       		.byte	0
ARM GAS  C:\Users\GARUBA~1\AppData\Local\Temp\ccY8EpBf.s 			page 10


 473 00a4 0D       		.uleb128 0xd
 474 00a5 34       		.uleb128 0x34
 475 00a6 00       		.byte	0
 476 00a7 03       		.uleb128 0x3
 477 00a8 08       		.uleb128 0x8
 478 00a9 3A       		.uleb128 0x3a
 479 00aa 0B       		.uleb128 0xb
 480 00ab 3B       		.uleb128 0x3b
 481 00ac 0B       		.uleb128 0xb
 482 00ad 49       		.uleb128 0x49
 483 00ae 13       		.uleb128 0x13
 484 00af 3F       		.uleb128 0x3f
 485 00b0 19       		.uleb128 0x19
 486 00b1 02       		.uleb128 0x2
 487 00b2 18       		.uleb128 0x18
 488 00b3 00       		.byte	0
 489 00b4 00       		.byte	0
 490 00b5 0E       		.uleb128 0xe
 491 00b6 2E       		.uleb128 0x2e
 492 00b7 00       		.byte	0
 493 00b8 3F       		.uleb128 0x3f
 494 00b9 19       		.uleb128 0x19
 495 00ba 03       		.uleb128 0x3
 496 00bb 0E       		.uleb128 0xe
 497 00bc 3A       		.uleb128 0x3a
 498 00bd 0B       		.uleb128 0xb
 499 00be 3B       		.uleb128 0x3b
 500 00bf 0B       		.uleb128 0xb
 501 00c0 27       		.uleb128 0x27
 502 00c1 19       		.uleb128 0x19
 503 00c2 3C       		.uleb128 0x3c
 504 00c3 19       		.uleb128 0x19
 505 00c4 00       		.byte	0
 506 00c5 00       		.byte	0
 507 00c6 0F       		.uleb128 0xf
 508 00c7 2E       		.uleb128 0x2e
 509 00c8 01       		.byte	0x1
 510 00c9 3F       		.uleb128 0x3f
 511 00ca 19       		.uleb128 0x19
 512 00cb 03       		.uleb128 0x3
 513 00cc 0E       		.uleb128 0xe
 514 00cd 3A       		.uleb128 0x3a
 515 00ce 0B       		.uleb128 0xb
 516 00cf 3B       		.uleb128 0x3b
 517 00d0 05       		.uleb128 0x5
 518 00d1 27       		.uleb128 0x27
 519 00d2 19       		.uleb128 0x19
 520 00d3 3C       		.uleb128 0x3c
 521 00d4 19       		.uleb128 0x19
 522 00d5 01       		.uleb128 0x1
 523 00d6 13       		.uleb128 0x13
 524 00d7 00       		.byte	0
 525 00d8 00       		.byte	0
 526 00d9 10       		.uleb128 0x10
 527 00da 05       		.uleb128 0x5
 528 00db 00       		.byte	0
 529 00dc 49       		.uleb128 0x49
ARM GAS  C:\Users\GARUBA~1\AppData\Local\Temp\ccY8EpBf.s 			page 11


 530 00dd 13       		.uleb128 0x13
 531 00de 00       		.byte	0
 532 00df 00       		.byte	0
 533 00e0 11       		.uleb128 0x11
 534 00e1 0F       		.uleb128 0xf
 535 00e2 00       		.byte	0
 536 00e3 0B       		.uleb128 0xb
 537 00e4 0B       		.uleb128 0xb
 538 00e5 49       		.uleb128 0x49
 539 00e6 13       		.uleb128 0x13
 540 00e7 00       		.byte	0
 541 00e8 00       		.byte	0
 542 00e9 12       		.uleb128 0x12
 543 00ea 26       		.uleb128 0x26
 544 00eb 00       		.byte	0
 545 00ec 49       		.uleb128 0x49
 546 00ed 13       		.uleb128 0x13
 547 00ee 00       		.byte	0
 548 00ef 00       		.byte	0
 549 00f0 13       		.uleb128 0x13
 550 00f1 2E       		.uleb128 0x2e
 551 00f2 01       		.byte	0x1
 552 00f3 3F       		.uleb128 0x3f
 553 00f4 19       		.uleb128 0x19
 554 00f5 03       		.uleb128 0x3
 555 00f6 0E       		.uleb128 0xe
 556 00f7 3A       		.uleb128 0x3a
 557 00f8 0B       		.uleb128 0xb
 558 00f9 3B       		.uleb128 0x3b
 559 00fa 05       		.uleb128 0x5
 560 00fb 27       		.uleb128 0x27
 561 00fc 19       		.uleb128 0x19
 562 00fd 3C       		.uleb128 0x3c
 563 00fe 19       		.uleb128 0x19
 564 00ff 00       		.byte	0
 565 0100 00       		.byte	0
 566 0101 00       		.byte	0
 567              		.section	.debug_aranges,"",%progbits
 568 0000 1C000000 		.4byte	0x1c
 569 0004 0200     		.2byte	0x2
 570 0006 00000000 		.4byte	.Ldebug_info0
 571 000a 04       		.byte	0x4
 572 000b 00       		.byte	0
 573 000c 0000     		.2byte	0
 574 000e 0000     		.2byte	0
 575 0010 00000000 		.4byte	.LFB34
 576 0014 58000000 		.4byte	.LFE34-.LFB34
 577 0018 00000000 		.4byte	0
 578 001c 00000000 		.4byte	0
 579              		.section	.debug_ranges,"",%progbits
 580              	.Ldebug_ranges0:
 581 0000 00000000 		.4byte	.LFB34
 582 0004 58000000 		.4byte	.LFE34
 583 0008 00000000 		.4byte	0
 584 000c 00000000 		.4byte	0
 585              		.section	.debug_line,"",%progbits
 586              	.Ldebug_line0:
ARM GAS  C:\Users\GARUBA~1\AppData\Local\Temp\ccY8EpBf.s 			page 12


 587 0000 AD000000 		.section	.debug_str,"MS",%progbits,1
 587      02008D00 
 587      00000201 
 587      FB0E0D00 
 587      01010101 
 588              	.LASF6:
 589 0000 6C6F6E67 		.ascii	"long long int\000"
 589      206C6F6E 
 589      6720696E 
 589      7400
 590              	.LASF8:
 591 000e 756E7369 		.ascii	"unsigned int\000"
 591      676E6564 
 591      20696E74 
 591      00
 592              	.LASF1:
 593 001b 756E7369 		.ascii	"unsigned char\000"
 593      676E6564 
 593      20636861 
 593      7200
 594              	.LASF22:
 595 0029 6D61696E 		.ascii	"main.c\000"
 595      2E6300
 596              	.LASF24:
 597 0030 6D61696E 		.ascii	"main\000"
 597      00
 598              	.LASF15:
 599 0035 5243585F 		.ascii	"RCX_BUFF1\000"
 599      42554646 
 599      3100
 600              	.LASF12:
 601 003f 63686172 		.ascii	"char8\000"
 601      3800
 602              	.LASF16:
 603 0045 5243585F 		.ascii	"RCX_BUFF2\000"
 603      42554646 
 603      3200
 604              	.LASF11:
 605 004f 75696E74 		.ascii	"uint8\000"
 605      3800
 606              	.LASF5:
 607 0055 6C6F6E67 		.ascii	"long unsigned int\000"
 607      20756E73 
 607      69676E65 
 607      6420696E 
 607      7400
 608              	.LASF7:
 609 0067 6C6F6E67 		.ascii	"long long unsigned int\000"
 609      206C6F6E 
 609      6720756E 
 609      7369676E 
 609      65642069 
 610              	.LASF9:
 611 007e 666C6F61 		.ascii	"float\000"
 611      7400
 612              	.LASF18:
 613 0084 4953525F 		.ascii	"ISR_int\000"
ARM GAS  C:\Users\GARUBA~1\AppData\Local\Temp\ccY8EpBf.s 			page 13


 613      696E7400 
 614              	.LASF19:
 615 008c 55415254 		.ascii	"UART_Start\000"
 615      5F537461 
 615      727400
 616              	.LASF23:
 617 0097 433A5C55 		.ascii	"C:\\Users\\Garuba Abdulmalik\\Documents\\PSoC Creat"
 617      73657273 
 617      5C476172 
 617      75626120 
 617      41626475 
 618 00c6 6F725C50 		.ascii	"or\\PSOC GSM SERIAL Com\\2 UART TEST.cydsn\\EMA.cyd"
 618      534F4320 
 618      47534D20 
 618      53455249 
 618      414C2043 
 619 00f6 736E00   		.ascii	"sn\000"
 620              	.LASF13:
 621 00f9 63686172 		.ascii	"char\000"
 621      00
 622              	.LASF4:
 623 00fe 6C6F6E67 		.ascii	"long int\000"
 623      20696E74 
 623      00
 624              	.LASF20:
 625 0107 55415254 		.ascii	"UARTT_Start\000"
 625      545F5374 
 625      61727400 
 626              	.LASF10:
 627 0113 646F7562 		.ascii	"double\000"
 627      6C6500
 628              	.LASF17:
 629 011a 7278645F 		.ascii	"rxd_cnt\000"
 629      636E7400 
 630              	.LASF3:
 631 0122 73686F72 		.ascii	"short unsigned int\000"
 631      7420756E 
 631      7369676E 
 631      65642069 
 631      6E7400
 632              	.LASF0:
 633 0135 7369676E 		.ascii	"signed char\000"
 633      65642063 
 633      68617200 
 634              	.LASF21:
 635 0141 474E5520 		.ascii	"GNU C 4.9.3 20150303 (release) [ARM/embedded-4_9-br"
 635      4320342E 
 635      392E3320 
 635      32303135 
 635      30333033 
 636 0174 616E6368 		.ascii	"anch revision 221220] -mcpu=cortex-m0 -mthumb -g -O"
 636      20726576 
 636      6973696F 
 636      6E203232 
 636      31323230 
 637 01a7 67202D66 		.ascii	"g -ffunction-sections -ffat-lto-objects\000"
 637      66756E63 
ARM GAS  C:\Users\GARUBA~1\AppData\Local\Temp\ccY8EpBf.s 			page 14


 637      74696F6E 
 637      2D736563 
 637      74696F6E 
 638              	.LASF2:
 639 01cf 73686F72 		.ascii	"short int\000"
 639      7420696E 
 639      7400
 640              	.LASF26:
 641 01d9 55415254 		.ascii	"UART_UartPutString\000"
 641      5F556172 
 641      74507574 
 641      53747269 
 641      6E6700
 642              	.LASF14:
 643 01ec 73697A65 		.ascii	"sizetype\000"
 643      74797065 
 643      00
 644              	.LASF25:
 645 01f5 55415254 		.ascii	"UARTT_UartPutString\000"
 645      545F5561 
 645      72745075 
 645      74537472 
 645      696E6700 
 646              		.ident	"GCC: (GNU Tools for ARM Embedded Processors) 4.9.3 20150303 (release) [ARM/embedded-4_9-br
